# JRE version: Java(TM) SE Runtime Environment (27.0+35) (build 27+35-2325)
# Java VM: Java HotSpot(TM) 64-Bit Server VM (27+35-2325, mixed mode, sharing, tiered, compressed oops, compact obj headers, g1 gc, windows-amd64)
GC Precious Log:
 CardTable entry size: 512
 Card Set container configuration: InlinePtr #cards 5 size 8 Array Of Cards #cards 10 size 36 Howl #buckets 4 coarsen threshold 1843 Howl Bitmap #cards 512 size 80 coarsen threshold 460 Card regions per heap region 1 cards per card region 2048
 CPUs: 4 total, 4 available
 Memory: 3877M
 Large Page Support: Disabled
 NUMA Support: Disabled
 Compressed Oops: Enabled (32-bit)
 Heap Region Size: 1M
 Heap Min Capacity: 8M
 Heap Initial Capacity: 8M
 Heap Max Capacity: 970M
 Pre-touch: Disabled
 Parallel Workers: 4
 Concurrent Workers: 1
 Concurrent Refinement Workers: 4
 Periodic GC: Disabled
Heap:
 garbage-first heap   total reserved 993280K, committed 30720K, used 19484K [0x00000000c3600000, 0x0000000100000000)
  region size 1M, 13 eden (13M), 1 survivor (1M), 5 old (5M), 2 humongous (2M), 9 free (9M)
GC Heap Usage History (20 events):
Event: 1.178 {heap Before GC invocations=0 (full 0):
 garbage-first heap   total reserved 993280K, committed 8192K, used 4096K [0x00000000c3600000, 0x0000000100000000)
  region size 1M, 4 eden (4M), 0 survivor (0M), 0 old (0M), 1 humongous (1M), 3 free (3M)
}
Event: 1.182 {heap After GC invocations=1 (full 0):
 garbage-first heap   total reserved 993280K, committed 8192K, used 3508K [0x00000000c3600000, 0x0000000100000000)
  region size 1M, 0 eden (0M), 1 survivor (1M), 2 old (2M), 1 humongous (1M), 4 free (4M)
}
Event: 1.289 {heap Before GC invocations=1 (full 0):
 garbage-first heap   total reserved 993280K, committed 8192K, used 4532K [0x00000000c3600000, 0x0000000100000000)
  region size 1M, 1 eden (1M), 1 survivor (1M), 2 old (2M), 2 humongous (2M), 2 free (2M)
}
Event: 1.292 {heap After GC invocations=2 (full 0):
 garbage-first heap   total reserved 993280K, committed 8192K, used 5491K [0x00000000c3600000, 0x0000000100000000)
  region size 1M, 0 eden (0M), 1 survivor (1M), 3 old (3M), 2 humongous (2M), 2 free (2M)
}
Event: 1.394 {heap Before GC invocations=2 (full 0):
 garbage-first heap   total reserved 993280K, committed 8192K, used 6515K [0x00000000c3600000, 0x0000000100000000)
  region size 1M, 1 eden (1M), 1 survivor (1M), 3 old (3M), 2 humongous (2M), 1 free (1M)
}
Event: 1.397 {heap After GC invocations=3 (full 0):
 garbage-first heap   total reserved 993280K, committed 9216K, used 6259K [0x00000000c3600000, 0x0000000100000000)
  region size 1M, 0 eden (0M), 1 survivor (1M), 4 old (4M), 2 humongous (2M), 2 free (2M)
}
Event: 1.577 {heap Before GC invocations=4 (full 0):
 garbage-first heap   total reserved 993280K, committed 9216K, used 7283K [0x00000000c3600000, 0x0000000100000000)
  region size 1M, 1 eden (1M), 1 survivor (1M), 4 old (4M), 2 humongous (2M), 1 free (1M)
}
Event: 1.579 {heap After GC invocations=5 (full 0):
 garbage-first heap   total reserved 993280K, committed 10240K, used 6569K [0x00000000c3600000, 0x0000000100000000)
  region size 1M, 0 eden (0M), 1 survivor (1M), 5 old (5M), 2 humongous (2M), 2 free (2M)
}
Event: 1.727 {heap Before GC invocations=5 (full 0):
 garbage-first heap   total reserved 993280K, committed 10240K, used 7593K [0x00000000c3600000, 0x0000000100000000)
  region size 1M, 1 eden (1M), 1 survivor (1M), 5 old (5M), 2 humongous (2M), 1 free (1M)
}
Event: 1.730 {heap After GC invocations=6 (full 0):
 garbage-first heap   total reserved 993280K, committed 10240K, used 6755K [0x00000000c3600000, 0x0000000100000000)
  region size 1M, 0 eden (0M), 1 survivor (1M), 5 old (5M), 2 humongous (2M), 2 free (2M)
}
Event: 1.826 {heap Before GC invocations=7 (full 0):
 garbage-first heap   total reserved 993280K, committed 10240K, used 6755K [0x00000000c3600000, 0x0000000100000000)
  region size 1M, 1 eden (1M), 1 survivor (1M), 5 old (5M), 2 humongous (2M), 1 free (1M)
}
Event: 1.828 {heap After GC invocations=8 (full 0):
 garbage-first heap   total reserved 993280K, committed 10240K, used 6942K [0x00000000c3600000, 0x0000000100000000)
  region size 1M, 0 eden (0M), 1 survivor (1M), 5 old (5M), 2 humongous (2M), 2 free (2M)
}
Event: 1.872 {heap Before GC invocations=8 (full 0):
 garbage-first heap   total reserved 993280K, committed 10240K, used 7966K [0x00000000c3600000, 0x0000000100000000)
  region size 1M, 1 eden (1M), 1 survivor (1M), 5 old (5M), 2 humongous (2M), 1 free (1M)
}
Event: 1.875 {heap After GC invocations=9 (full 0):
 garbage-first heap   total reserved 993280K, committed 10240K, used 7096K [0x00000000c3600000, 0x0000000100000000)
  region size 1M, 0 eden (0M), 1 survivor (1M), 5 old (5M), 2 humongous (2M), 2 free (2M)
}
Event: 1.949 {heap Before GC invocations=10 (full 0):
 garbage-first heap   total reserved 993280K, committed 10240K, used 8120K [0x00000000c3600000, 0x0000000100000000)
  region size 1M, 1 eden (1M), 1 survivor (1M), 5 old (5M), 2 humongous (2M), 1 free (1M)
}
Event: 1.950 {heap After GC invocations=11 (full 0):
 garbage-first heap   total reserved 993280K, committed 10240K, used 7028K [0x00000000c3600000, 0x0000000100000000)
  region size 1M, 0 eden (0M), 1 survivor (1M), 5 old (5M), 2 humongous (2M), 2 free (2M)
}
Event: 1.977 {heap Before GC invocations=11 (full 0):
 garbage-first heap   total reserved 993280K, committed 10240K, used 8052K [0x00000000c3600000, 0x0000000100000000)
  region size 1M, 1 eden (1M), 1 survivor (1M), 5 old (5M), 2 humongous (2M), 1 free (1M)
}
Event: 1.979 {heap After GC invocations=12 (full 0):
 garbage-first heap   total reserved 993280K, committed 10240K, used 7048K [0x00000000c3600000, 0x0000000100000000)
  region size 1M, 0 eden (0M), 1 survivor (1M), 5 old (5M), 2 humongous (2M), 2 free (2M)
}
Event: 2.094 {heap Before GC invocations=13 (full 0):
 garbage-first heap   total reserved 993280K, committed 10240K, used 7048K [0x00000000c3600000, 0x0000000100000000)
  region size 1M, 1 eden (1M), 1 survivor (1M), 5 old (5M), 2 humongous (2M), 1 free (1M)
}
Event: 2.097 {heap After GC invocations=14 (full 0):
 garbage-first heap   total reserved 993280K, committed 30720K, used 7196K [0x00000000c3600000, 0x0000000100000000)
  region size 1M, 0 eden (0M), 1 survivor (1M), 5 old (5M), 2 humongous (2M), 22 free (22M)
}

